     1                                 %line 1+1 /home/warabanshi/development/sandbox/IALPL/chap6/subtract.s
     2                                 [segment .data]
     3 00000000 6400000000000000       a dq 100
     4 00000008 C800000000000000       b dq 200
     5 00000010 0000000000000000       diff dq 0
     6                                 [segment .text]
     7                                 [global main]
     8                                 main:
     9 00000000 55                      push rbp
    10 00000001 4889E5                  mov rbp, rsp
    11 00000004 4883EC10                sub rsp, 16
    12 00000008 48C7C00A000000          mov rax, 10
    13 0000000F 48290425[00000000]      sub [a], rax
    14 00000017 48290425[00000000]      sub [b], rax
    15 0000001F 488B0425[00000000]      mov rax, [b]
    16 00000027 482B0425[00000000]      sub rax, [a]
    17 0000002F 48890425[00000000]      mov [diff], rax
    18 00000037 48C7C000000000          mov rax, 0
    19 0000003E C9                      leave
    20 0000003F C3                      ret
